<?xml version="1.0" encoding="UTF-8"?>
<testsuite name="ComputerRepairRequestTest" tests="2" skipped="0" failures="0" errors="0" timestamp="2022-03-01T08:11:20" hostname="DESKTOP-7JJM8E8" time="0.035">
  <properties/>
  <testcase name="First test" classname="ComputerRepairRequestTest" time="0.032"/>
  <testcase name="Second test" classname="ComputerRepairRequestTest" time="0.001"/>
  <system-out><![CDATA[]]></system-out>
  <system-err><![CDATA[]]></system-err>
</testsuite>
